21:45:33.040         sip_endpoint.c  .Module "mod-pjsua-log" registered
21:45:33.040         sip_endpoint.c  .Module "mod-tsx-layer" registered
21:45:33.040         sip_endpoint.c  .Module "mod-stateful-util" registered
21:45:33.040         sip_endpoint.c  .Module "mod-ua" registered
21:45:33.041         sip_endpoint.c  .Module "mod-100rel" registered
21:45:33.041         sip_endpoint.c  .Module "mod-pjsua" registered
21:45:33.041         sip_endpoint.c  .Module "mod-invite" registered
21:45:33.061        coreaudio_dev.c  ..core audio detected 3 devices
21:45:33.063        coreaudio_dev.c  .. dev_id 0: Built-in Microphone  (in=2, out=0) 44100Hz
21:45:33.064        coreaudio_dev.c  .. dev_id 1: Built-in Output  (in=0, out=2) 44100Hz
21:45:33.065        coreaudio_dev.c  .. dev_id 2: LG HDR 4K  (in=0, out=2) 48000Hz
21:45:33.065        coreaudio_dev.c  ..core audio initialized
21:45:33.066                  pjlib  ..select() I/O Queue created (0x7fd84e0bf828)
21:45:33.066           conference.c  ..Creating conference bridge with 254 ports
21:45:33.066           Master/sound  ..Using delay buffer with WSOLA.
21:45:33.067         sip_endpoint.c  .Module "mod-evsub" registered
21:45:33.067         sip_endpoint.c  .Module "mod-presence" registered
21:45:33.068                evsub.c  .Event pkg "presence" registered by mod-presence
21:45:33.068         sip_endpoint.c  .Module "mod-mwi" registered
21:45:33.068                evsub.c  .Event pkg "message-summary" registered by mod-mwi
21:45:33.068         sip_endpoint.c  .Module "mod-refer" registered
21:45:33.068                evsub.c  .Event pkg "refer" registered by mod-refer
21:45:33.068         sip_endpoint.c  .Module "mod-pjsua-pres" registered
21:45:33.069         sip_endpoint.c  .Module "mod-pjsua-im" registered
21:45:33.069         sip_endpoint.c  .Module "mod-pjsua-options" registered
21:45:33.069           pjsua_core.c  .No SIP worker threads created
21:45:33.069           pjsua_core.c  .pjsua version 2.9 for Darwin-19.0/x86_64 initialized
21:45:33.070           pjsua_core.c  .PJSUA state changed: CREATED --> INIT
21:45:33.070           pjsua_core.c  SIP UDP socket reachable at 10.128.254.2:61065
21:45:33.070      udp0x7fd84d46a3c0  SIP UDP transport started, published address is 10.128.254.2:61065
21:45:33.071            tcptp:65301  SIP TCP listener ready for incoming connections at 10.128.254.2:65301
21:45:33.071           pjsua_core.c  PJSUA state changed: INIT --> STARTING
21:45:33.072         sip_endpoint.c  .Module "mod-unsolicited-mwi" registered
21:45:33.072           pjsua_core.c  .PJSUA state changed: STARTING --> RUNNING
21:45:53.004           pjsua_core.c  Shutting down, flags=0...
21:45:53.005           pjsua_core.c  PJSUA state changed: RUNNING --> CLOSING
21:45:53.005           pjsua_call.c  .Hangup all calls..
21:45:53.005          pjsua_media.c  .Call 0: deinitializing media..
21:45:53.005          pjsua_media.c  .Call 1: deinitializing media..
21:45:53.006          pjsua_media.c  .Call 2: deinitializing media..
21:45:53.006          pjsua_media.c  .Call 3: deinitializing media..
21:45:53.006           pjsua_pres.c  .Shutting down presence..
21:45:54.007           pjsua_core.c  .Destroying...
21:45:54.007          pjsua_media.c  .Shutting down media..
21:45:54.166         sip_endpoint.c  .Destroying endpoint instance..
21:45:54.167      sip_transaction.c  .Stopping transaction layer module
21:45:54.167      sip_transaction.c  .Stopped transaction layer module
21:45:54.168         sip_endpoint.c  .Module "mod-unsolicited-mwi" unregistered
21:45:54.168         sip_endpoint.c  .Module "mod-pjsua-options" unregistered
21:45:54.168         sip_endpoint.c  .Module "mod-pjsua-im" unregistered
21:45:54.169         sip_endpoint.c  .Module "mod-pjsua-pres" unregistered
21:45:54.169         sip_endpoint.c  .Module "mod-pjsua" unregistered
21:45:54.169         sip_endpoint.c  .Module "mod-stateful-util" unregistered
21:45:54.170         sip_endpoint.c  .Module "mod-refer" unregistered
21:45:54.170         sip_endpoint.c  .Module "mod-mwi" unregistered
21:45:54.170         sip_endpoint.c  .Module "mod-presence" unregistered
21:45:54.170         sip_endpoint.c  .Module "mod-evsub" unregistered
21:45:54.171         sip_endpoint.c  .Module "mod-invite" unregistered
21:45:54.171         sip_endpoint.c  .Module "mod-100rel" unregistered
21:45:54.171         sip_endpoint.c  .Module "mod-ua" unregistered
21:45:54.171      sip_transaction.c  .Transaction layer module destroyed
21:45:54.171         sip_endpoint.c  .Module "mod-tsx-layer" unregistered
21:45:54.172         sip_endpoint.c  .Module "mod-msg-print" unregistered
21:45:54.175         sip_endpoint.c  .Module "mod-pjsua-log" unregistered
21:45:54.176        sip_transport.c  .Destroying transport manager
21:45:54.177      udp0x7fd84d46a3c0  .SIP UDP transport destroyed
21:45:54.177            tcptp:65301  .SIP TCP transport destroyed
21:45:54.178         sip_endpoint.c  .Endpoint 0x7fd84d8830a8 destroyed
21:45:54.178           pjsua_core.c  .PJSUA state changed: CLOSING --> NULL
21:45:54.178           pjsua_core.c  .PJSUA destroyed...
21:46:15.759         sip_endpoint.c  .Module "mod-pjsua-log" registered
21:46:15.760         sip_endpoint.c  .Module "mod-tsx-layer" registered
21:46:15.760         sip_endpoint.c  .Module "mod-stateful-util" registered
21:46:15.760         sip_endpoint.c  .Module "mod-ua" registered
21:46:15.760         sip_endpoint.c  .Module "mod-100rel" registered
21:46:15.760         sip_endpoint.c  .Module "mod-pjsua" registered
21:46:15.761         sip_endpoint.c  .Module "mod-invite" registered
21:46:15.779        coreaudio_dev.c  ..core audio detected 3 devices
21:46:15.780        coreaudio_dev.c  .. dev_id 0: Built-in Microphone  (in=2, out=0) 44100Hz
21:46:15.781        coreaudio_dev.c  .. dev_id 1: Built-in Output  (in=0, out=2) 44100Hz
21:46:15.782        coreaudio_dev.c  .. dev_id 2: LG HDR 4K  (in=0, out=2) 48000Hz
21:46:15.783        coreaudio_dev.c  ..core audio initialized
21:46:15.783                  pjlib  ..select() I/O Queue created (0x7f8f7a973c28)
21:46:15.783           conference.c  ..Creating conference bridge with 254 ports
21:46:15.784           Master/sound  ..Using delay buffer with WSOLA.
21:46:15.784         sip_endpoint.c  .Module "mod-evsub" registered
21:46:15.784         sip_endpoint.c  .Module "mod-presence" registered
21:46:15.785                evsub.c  .Event pkg "presence" registered by mod-presence
21:46:15.785         sip_endpoint.c  .Module "mod-mwi" registered
21:46:15.785                evsub.c  .Event pkg "message-summary" registered by mod-mwi
21:46:15.785         sip_endpoint.c  .Module "mod-refer" registered
21:46:15.785                evsub.c  .Event pkg "refer" registered by mod-refer
21:46:15.786         sip_endpoint.c  .Module "mod-pjsua-pres" registered
21:46:15.786         sip_endpoint.c  .Module "mod-pjsua-im" registered
21:46:15.786         sip_endpoint.c  .Module "mod-pjsua-options" registered
21:46:15.786           pjsua_core.c  .No SIP worker threads created
21:46:15.786           pjsua_core.c  .pjsua version 2.9 for Darwin-19.0/x86_64 initialized
21:46:15.787           pjsua_core.c  .PJSUA state changed: CREATED --> INIT
21:46:15.787           pjsua_core.c  SIP UDP socket reachable at 10.128.254.2:53963
21:46:15.787      udp0x7f8f7cc2f730  SIP UDP transport started, published address is 10.128.254.2:53963
21:46:15.788            tcptp:65323  SIP TCP listener ready for incoming connections at 10.128.254.2:65323
21:46:15.788           pjsua_core.c  PJSUA state changed: INIT --> STARTING
21:46:15.788         sip_endpoint.c  .Module "mod-unsolicited-mwi" registered
21:46:15.789           pjsua_core.c  .PJSUA state changed: STARTING --> RUNNING
21:46:20.692           pjsua_core.c  Shutting down, flags=0...
21:46:20.693           pjsua_core.c  PJSUA state changed: RUNNING --> CLOSING
21:46:20.693           pjsua_call.c  .Hangup all calls..
21:46:20.693          pjsua_media.c  .Call 0: deinitializing media..
21:46:20.693          pjsua_media.c  .Call 1: deinitializing media..
21:46:20.693          pjsua_media.c  .Call 2: deinitializing media..
21:46:20.694          pjsua_media.c  .Call 3: deinitializing media..
21:46:20.694           pjsua_pres.c  .Shutting down presence..
21:46:21.694           pjsua_core.c  .Destroying...
21:46:21.695          pjsua_media.c  .Shutting down media..
21:46:21.814         sip_endpoint.c  .Destroying endpoint instance..
21:46:21.815      sip_transaction.c  .Stopping transaction layer module
21:46:21.816      sip_transaction.c  .Stopped transaction layer module
21:46:21.816         sip_endpoint.c  .Module "mod-unsolicited-mwi" unregistered
21:46:21.816         sip_endpoint.c  .Module "mod-pjsua-options" unregistered
21:46:21.816         sip_endpoint.c  .Module "mod-pjsua-im" unregistered
21:46:21.817         sip_endpoint.c  .Module "mod-pjsua-pres" unregistered
21:46:21.817         sip_endpoint.c  .Module "mod-pjsua" unregistered
21:46:21.817         sip_endpoint.c  .Module "mod-stateful-util" unregistered
21:46:21.817         sip_endpoint.c  .Module "mod-refer" unregistered
21:46:21.817         sip_endpoint.c  .Module "mod-mwi" unregistered
21:46:21.818         sip_endpoint.c  .Module "mod-presence" unregistered
21:46:21.818         sip_endpoint.c  .Module "mod-evsub" unregistered
21:46:21.818         sip_endpoint.c  .Module "mod-invite" unregistered
21:46:21.818         sip_endpoint.c  .Module "mod-100rel" unregistered
21:46:21.819         sip_endpoint.c  .Module "mod-ua" unregistered
21:46:21.819      sip_transaction.c  .Transaction layer module destroyed
21:46:21.819         sip_endpoint.c  .Module "mod-tsx-layer" unregistered
21:46:21.823         sip_endpoint.c  .Module "mod-msg-print" unregistered
21:46:21.823         sip_endpoint.c  .Module "mod-pjsua-log" unregistered
21:46:21.823        sip_transport.c  .Destroying transport manager
21:46:21.825      udp0x7f8f7cc2f730  .SIP UDP transport destroyed
21:46:21.825            tcptp:65323  .SIP TCP transport destroyed
21:46:21.825         sip_endpoint.c  .Endpoint 0x7f8f7c0ddea8 destroyed
21:46:21.825           pjsua_core.c  .PJSUA state changed: CLOSING --> NULL
21:46:21.826           pjsua_core.c  .PJSUA destroyed...
21:47:35.025         sip_endpoint.c  .Module "mod-pjsua-log" registered
21:47:35.026         sip_endpoint.c  .Module "mod-tsx-layer" registered
21:47:35.026         sip_endpoint.c  .Module "mod-stateful-util" registered
21:47:35.026         sip_endpoint.c  .Module "mod-ua" registered
21:47:35.026         sip_endpoint.c  .Module "mod-100rel" registered
21:47:35.026         sip_endpoint.c  .Module "mod-pjsua" registered
21:47:35.027         sip_endpoint.c  .Module "mod-invite" registered
21:47:35.045        coreaudio_dev.c  ..core audio detected 3 devices
21:47:35.047        coreaudio_dev.c  .. dev_id 0: Built-in Microphone  (in=2, out=0) 44100Hz
21:47:35.047        coreaudio_dev.c  .. dev_id 1: Built-in Output  (in=0, out=2) 44100Hz
21:47:35.049        coreaudio_dev.c  .. dev_id 2: LG HDR 4K  (in=0, out=2) 48000Hz
21:47:35.049        coreaudio_dev.c  ..core audio initialized
21:47:35.049                  pjlib  ..select() I/O Queue created (0x7f8db6845e28)
21:47:35.049           conference.c  ..Creating conference bridge with 254 ports
21:47:35.050           Master/sound  ..Using delay buffer with WSOLA.
21:47:35.050         sip_endpoint.c  .Module "mod-evsub" registered
21:47:35.051         sip_endpoint.c  .Module "mod-presence" registered
21:47:35.051                evsub.c  .Event pkg "presence" registered by mod-presence
21:47:35.051         sip_endpoint.c  .Module "mod-mwi" registered
21:47:35.051                evsub.c  .Event pkg "message-summary" registered by mod-mwi
21:47:35.051         sip_endpoint.c  .Module "mod-refer" registered
21:47:35.052                evsub.c  .Event pkg "refer" registered by mod-refer
21:47:35.052         sip_endpoint.c  .Module "mod-pjsua-pres" registered
21:47:35.052         sip_endpoint.c  .Module "mod-pjsua-im" registered
21:47:35.052         sip_endpoint.c  .Module "mod-pjsua-options" registered
21:47:35.052           pjsua_core.c  .No SIP worker threads created
21:47:35.052           pjsua_core.c  .pjsua version 2.9 for Darwin-19.0/x86_64 initialized
21:47:35.053           pjsua_core.c  .PJSUA state changed: CREATED --> INIT
21:47:35.054           pjsua_core.c  SIP UDP socket reachable at 10.128.254.2:58361
21:47:35.054      udp0x7f8db2c38aa0  SIP UDP transport started, published address is 10.128.254.2:58361
21:47:35.054            tcptp:65365  SIP TCP listener ready for incoming connections at 10.128.254.2:65365
21:47:35.055           pjsua_core.c  PJSUA state changed: INIT --> STARTING
21:47:35.055         sip_endpoint.c  .Module "mod-unsolicited-mwi" registered
21:47:35.055           pjsua_core.c  .PJSUA state changed: STARTING --> RUNNING
21:47:37.966           pjsua_core.c  Shutting down, flags=0...
21:47:37.967           pjsua_core.c  PJSUA state changed: RUNNING --> CLOSING
21:47:37.967           pjsua_call.c  .Hangup all calls..
21:47:37.967          pjsua_media.c  .Call 0: deinitializing media..
21:47:37.967          pjsua_media.c  .Call 1: deinitializing media..
21:47:37.968          pjsua_media.c  .Call 2: deinitializing media..
21:47:37.968          pjsua_media.c  .Call 3: deinitializing media..
21:47:37.968           pjsua_pres.c  .Shutting down presence..
21:47:38.973           pjsua_core.c  .Destroying...
21:47:38.973          pjsua_media.c  .Shutting down media..
21:47:39.077         sip_endpoint.c  .Destroying endpoint instance..
21:47:39.077      sip_transaction.c  .Stopping transaction layer module
21:47:39.078      sip_transaction.c  .Stopped transaction layer module
21:47:39.078         sip_endpoint.c  .Module "mod-unsolicited-mwi" unregistered
21:47:39.078         sip_endpoint.c  .Module "mod-pjsua-options" unregistered
21:47:39.078         sip_endpoint.c  .Module "mod-pjsua-im" unregistered
21:47:39.079         sip_endpoint.c  .Module "mod-pjsua-pres" unregistered
21:47:39.079         sip_endpoint.c  .Module "mod-pjsua" unregistered
21:47:39.079         sip_endpoint.c  .Module "mod-stateful-util" unregistered
21:47:39.079         sip_endpoint.c  .Module "mod-refer" unregistered
21:47:39.079         sip_endpoint.c  .Module "mod-mwi" unregistered
21:47:39.080         sip_endpoint.c  .Module "mod-presence" unregistered
21:47:39.085         sip_endpoint.c  .Module "mod-evsub" unregistered
21:47:39.086         sip_endpoint.c  .Module "mod-invite" unregistered
21:47:39.086         sip_endpoint.c  .Module "mod-100rel" unregistered
21:47:39.086         sip_endpoint.c  .Module "mod-ua" unregistered
21:47:39.086      sip_transaction.c  .Transaction layer module destroyed
21:47:39.087         sip_endpoint.c  .Module "mod-tsx-layer" unregistered
21:47:39.087         sip_endpoint.c  .Module "mod-msg-print" unregistered
21:47:39.087         sip_endpoint.c  .Module "mod-pjsua-log" unregistered
21:47:39.087        sip_transport.c  .Destroying transport manager
21:47:39.089      udp0x7f8db2c38aa0  .SIP UDP transport destroyed
21:47:39.089            tcptp:65365  .SIP TCP transport destroyed
21:47:39.090         sip_endpoint.c  .Endpoint 0x7f8db30762a8 destroyed
21:47:39.090           pjsua_core.c  .PJSUA state changed: CLOSING --> NULL
21:47:39.090           pjsua_core.c  .PJSUA destroyed...
21:47:53.039         sip_endpoint.c  .Module "mod-pjsua-log" registered
21:47:53.040         sip_endpoint.c  .Module "mod-tsx-layer" registered
21:47:53.040         sip_endpoint.c  .Module "mod-stateful-util" registered
21:47:53.040         sip_endpoint.c  .Module "mod-ua" registered
21:47:53.040         sip_endpoint.c  .Module "mod-100rel" registered
21:47:53.040         sip_endpoint.c  .Module "mod-pjsua" registered
21:47:53.040         sip_endpoint.c  .Module "mod-invite" registered
21:47:53.057        coreaudio_dev.c  ..core audio detected 3 devices
21:47:53.059        coreaudio_dev.c  .. dev_id 0: Built-in Microphone  (in=2, out=0) 44100Hz
21:47:53.059        coreaudio_dev.c  .. dev_id 1: Built-in Output  (in=0, out=2) 44100Hz
21:47:53.060        coreaudio_dev.c  .. dev_id 2: LG HDR 4K  (in=0, out=2) 48000Hz
21:47:53.060        coreaudio_dev.c  ..core audio initialized
21:47:53.061                  pjlib  ..select() I/O Queue created (0x7fade806e428)
21:47:53.061           conference.c  ..Creating conference bridge with 254 ports
21:47:53.061           Master/sound  ..Using delay buffer with WSOLA.
21:47:53.062         sip_endpoint.c  .Module "mod-evsub" registered
21:47:53.062         sip_endpoint.c  .Module "mod-presence" registered
21:47:53.063                evsub.c  .Event pkg "presence" registered by mod-presence
21:47:53.063         sip_endpoint.c  .Module "mod-mwi" registered
21:47:53.063                evsub.c  .Event pkg "message-summary" registered by mod-mwi
21:47:53.063         sip_endpoint.c  .Module "mod-refer" registered
21:47:53.063                evsub.c  .Event pkg "refer" registered by mod-refer
21:47:53.063         sip_endpoint.c  .Module "mod-pjsua-pres" registered
21:47:53.064         sip_endpoint.c  .Module "mod-pjsua-im" registered
21:47:53.064         sip_endpoint.c  .Module "mod-pjsua-options" registered
21:47:53.064           pjsua_core.c  .No SIP worker threads created
21:47:53.064           pjsua_core.c  .pjsua version 2.9 for Darwin-19.0/x86_64 initialized
21:47:53.065           pjsua_core.c  .PJSUA state changed: CREATED --> INIT
21:47:53.065           pjsua_core.c  SIP UDP socket reachable at 10.128.254.2:63688
21:47:53.065      udp0x7fade6a38210  SIP UDP transport started, published address is 10.128.254.2:63688
21:47:53.066            tcptp:65377  SIP TCP listener ready for incoming connections at 10.128.254.2:65377
21:47:53.066           pjsua_core.c  PJSUA state changed: INIT --> STARTING
21:47:53.066         sip_endpoint.c  .Module "mod-unsolicited-mwi" registered
21:47:53.066           pjsua_core.c  .PJSUA state changed: STARTING --> RUNNING
21:47:57.025           pjsua_core.c  Shutting down, flags=0...
21:47:57.026           pjsua_core.c  PJSUA state changed: RUNNING --> CLOSING
21:47:57.026           pjsua_call.c  .Hangup all calls..
21:47:57.026          pjsua_media.c  .Call 0: deinitializing media..
21:47:57.026          pjsua_media.c  .Call 1: deinitializing media..
21:47:57.026          pjsua_media.c  .Call 2: deinitializing media..
21:47:57.027          pjsua_media.c  .Call 3: deinitializing media..
21:47:57.027           pjsua_pres.c  .Shutting down presence..
21:47:58.028           pjsua_core.c  .Destroying...
21:47:58.029          pjsua_media.c  .Shutting down media..
21:47:58.082         sip_endpoint.c  .Destroying endpoint instance..
21:47:58.082      sip_transaction.c  .Stopping transaction layer module
21:47:58.083      sip_transaction.c  .Stopped transaction layer module
21:47:58.083         sip_endpoint.c  .Module "mod-unsolicited-mwi" unregistered
21:47:58.083         sip_endpoint.c  .Module "mod-pjsua-options" unregistered
21:47:58.083         sip_endpoint.c  .Module "mod-pjsua-im" unregistered
21:47:58.083         sip_endpoint.c  .Module "mod-pjsua-pres" unregistered
21:47:58.084         sip_endpoint.c  .Module "mod-pjsua" unregistered
21:47:58.084         sip_endpoint.c  .Module "mod-stateful-util" unregistered
21:47:58.084         sip_endpoint.c  .Module "mod-refer" unregistered
21:47:58.084         sip_endpoint.c  .Module "mod-mwi" unregistered
21:47:58.085         sip_endpoint.c  .Module "mod-presence" unregistered
21:47:58.085         sip_endpoint.c  .Module "mod-evsub" unregistered
21:47:58.085         sip_endpoint.c  .Module "mod-invite" unregistered
21:47:58.085         sip_endpoint.c  .Module "mod-100rel" unregistered
21:47:58.086         sip_endpoint.c  .Module "mod-ua" unregistered
21:47:58.086      sip_transaction.c  .Transaction layer module destroyed
21:47:58.086         sip_endpoint.c  .Module "mod-tsx-layer" unregistered
21:47:58.086         sip_endpoint.c  .Module "mod-msg-print" unregistered
21:47:58.087         sip_endpoint.c  .Module "mod-pjsua-log" unregistered
21:47:58.090        sip_transport.c  .Destroying transport manager
21:47:58.092      udp0x7fade6a38210  .SIP UDP transport destroyed
21:47:58.092            tcptp:65377  .SIP TCP transport destroyed
21:47:58.093         sip_endpoint.c  .Endpoint 0x7fade80578a8 destroyed
21:47:58.093           pjsua_core.c  .PJSUA state changed: CLOSING --> NULL
21:47:58.093           pjsua_core.c  .PJSUA destroyed...
